0 info it worked if it ends with ok
1 verbose cli [ 'C:\\Program Files (x86)\\nodejs\\\\node.exe',
1 verbose cli   'C:\\Program Files (x86)\\nodejs\\node_modules\\npm\\bin\\npm-cli.js',
1 verbose cli   'install',
1 verbose cli   'bodyParser' ]
2 info using npm@1.3.2
3 info using node@v0.10.13
4 verbose node symlink C:\Program Files (x86)\nodejs\\node.exe
5 verbose readDependencies using package.json deps
6 verbose cache add [ 'bodyParser', null ]
7 verbose cache add name=undefined spec="bodyParser" args=["bodyParser",null]
8 verbose parsed url { protocol: null,
8 verbose parsed url   slashes: null,
8 verbose parsed url   auth: null,
8 verbose parsed url   host: null,
8 verbose parsed url   port: null,
8 verbose parsed url   hostname: null,
8 verbose parsed url   hash: null,
8 verbose parsed url   search: null,
8 verbose parsed url   query: null,
8 verbose parsed url   pathname: 'bodyParser',
8 verbose parsed url   path: 'bodyParser',
8 verbose parsed url   href: 'bodyParser' }
9 silly lockFile caa4c3c7-bodyParser bodyParser
10 verbose lock bodyParser C:\Users\juan\AppData\Roaming\npm-cache\caa4c3c7-bodyParser.lock
11 silly lockFile caa4c3c7-bodyParser bodyParser
12 silly lockFile caa4c3c7-bodyParser bodyParser
13 verbose addNamed [ 'bodyParser', '' ]
14 verbose addNamed [ null, '*' ]
15 silly lockFile e0b6bd45-bodyParser bodyParser@
16 verbose lock bodyParser@ C:\Users\juan\AppData\Roaming\npm-cache\e0b6bd45-bodyParser.lock
17 silly addNameRange { name: 'bodyParser', range: '*', hasData: false }
18 verbose url raw bodyParser
19 verbose url resolving [ 'https://registry.npmjs.org/', './bodyParser' ]
20 verbose url resolved https://registry.npmjs.org/bodyParser
21 info trying registry request attempt 1 at 10:07:35
22 http GET https://registry.npmjs.org/bodyParser
23 http 404 https://registry.npmjs.org/bodyParser
24 silly registry.get cb [ 404,
24 silly registry.get   { date: 'Tue, 13 Apr 2021 08:07:35 GMT',
24 silly registry.get     'content-type': 'application/json',
24 silly registry.get     'content-length': '21',
24 silly registry.get     connection: 'keep-alive',
24 silly registry.get     'set-cookie': [ '__cfduid=d1f28b63f6b43304f9e172a655b806bad1618301255; expires=Thu, 13-May-21 08:07:35 GMT; path=/; domain=.npmjs.org; HttpOnly; SameSite=Lax' ],
24 silly registry.get     'cf-ray': '63f3339f9affff58-MAD',
24 silly registry.get     age: '256',
24 silly registry.get     vary: 'Accept-Encoding',
24 silly registry.get     'cf-cache-status': 'HIT',
24 silly registry.get     'cf-request-id': '096bde97c00000ff583a1fe000000001',
24 silly registry.get     'expect-ct': 'max-age=604800, report-uri="https://report-uri.cloudflare.com/cdn-cgi/beacon/expect-ct"',
24 silly registry.get     server: 'cloudflare' } ]
25 silly lockFile e0b6bd45-bodyParser bodyParser@
26 silly lockFile e0b6bd45-bodyParser bodyParser@
27 error Error: Not found : bodyParser
27 error     at RegClient.<anonymous> (C:\Program Files (x86)\nodejs\node_modules\npm\node_modules\npm-registry-client\lib\request.js:272:14)
27 error     at Request.self.callback (C:\Program Files (x86)\nodejs\node_modules\npm\node_modules\request\index.js:148:22)
27 error     at Request.EventEmitter.emit (events.js:98:17)
27 error     at Request.<anonymous> (C:\Program Files (x86)\nodejs\node_modules\npm\node_modules\request\index.js:876:14)
27 error     at Request.EventEmitter.emit (events.js:117:20)
27 error     at IncomingMessage.<anonymous> (C:\Program Files (x86)\nodejs\node_modules\npm\node_modules\request\index.js:827:12)
27 error     at IncomingMessage.EventEmitter.emit (events.js:117:20)
27 error     at _stream_readable.js:910:16
27 error     at process._tickCallback (node.js:415:13)
28 error If you need help, you may report this log at:
28 error     <http://github.com/isaacs/npm/issues>
28 error or email it to:
28 error     <npm-@googlegroups.com>
29 error System Windows_NT 6.2.9200
30 error command "C:\\Program Files (x86)\\nodejs\\\\node.exe" "C:\\Program Files (x86)\\nodejs\\node_modules\\npm\\bin\\npm-cli.js" "install" "bodyParser"
31 error cwd D:\Usuario\Desktop\carpeta\SOS2021-11
32 error node -v v0.10.13
33 error npm -v 1.3.2
34 verbose exit [ 1, true ]
